# JRE version: OpenJDK Runtime Environment (8.0_202-b03) (build 1.8.0_202-release-1483-b03)
# Java VM: OpenJDK 64-Bit Server VM (25.202-b03 mixed mode windows-amd64 compressed oops)
Heap:
 PSYoungGen      total 147968K, used 60400K [0x00000000e0000000, 0x00000000ea600000, 0x0000000100000000)
  eden space 136192K, 35% used [0x00000000e0000000,0x00000000e2f7f280,0x00000000e8500000)
  from space 11776K, 99% used [0x00000000e9a80000,0x00000000ea5fcec0,0x00000000ea600000)
  to   space 13824K, 0% used [0x00000000e8b00000,0x00000000e8b00000,0x00000000e9880000)
 ParOldGen       total 89088K, used 19626K [0x00000000a0000000, 0x00000000a5700000, 0x00000000e0000000)
  object space 89088K, 22% used [0x00000000a0000000,0x00000000a132aba8,0x00000000a5700000)
 Metaspace       used 49293K, capacity 50606K, committed 50856K, reserved 1093632K
  class space    used 6649K, capacity 6976K, committed 7080K, reserved 1048576K
GC Heap History (10 events):
Event: 4.117 GC heap before
{Heap before GC invocations=8 (full 1):
 PSYoungGen      total 75264K, used 65536K [0x00000000e0000000, 0x00000000e5400000, 0x0000000100000000)
  eden space 65536K, 100% used [0x00000000e0000000,0x00000000e4000000,0x00000000e4000000)
  from space 9728K, 0% used [0x00000000e4a80000,0x00000000e4a80000,0x00000000e5400000)
  to   space 10240K, 0% used [0x00000000e4000000,0x00000000e4000000,0x00000000e4a00000)
 ParOldGen       total 58880K, used 8413K [0x00000000a0000000, 0x00000000a3980000, 0x00000000e0000000)
  object space 58880K, 14% used [0x00000000a0000000,0x00000000a0837748,0x00000000a3980000)
 Metaspace       used 28908K, capacity 29558K, committed 29824K, reserved 1075200K
  class space    used 3903K, capacity 4100K, committed 4224K, reserved 1048576K
Event: 4.140 GC heap after
Heap after GC invocations=8 (full 1):
 PSYoungGen      total 75776K, used 7883K [0x00000000e0000000, 0x00000000e7d00000, 0x0000000100000000)
  eden space 65536K, 0% used [0x00000000e0000000,0x00000000e0000000,0x00000000e4000000)
  from space 10240K, 76% used [0x00000000e4000000,0x00000000e47b2cb0,0x00000000e4a00000)
  to   space 10752K, 0% used [0x00000000e7280000,0x00000000e7280000,0x00000000e7d00000)
 ParOldGen       total 58880K, used 8413K [0x00000000a0000000, 0x00000000a3980000, 0x00000000e0000000)
  object space 58880K, 14% used [0x00000000a0000000,0x00000000a0837748,0x00000000a3980000)
 Metaspace       used 28908K, capacity 29558K, committed 29824K, reserved 1075200K
  class space    used 3903K, capacity 4100K, committed 4224K, reserved 1048576K
}
Event: 4.854 GC heap before
{Heap before GC invocations=9 (full 1):
 PSYoungGen      total 75776K, used 73419K [0x00000000e0000000, 0x00000000e7d00000, 0x0000000100000000)
  eden space 65536K, 100% used [0x00000000e0000000,0x00000000e4000000,0x00000000e4000000)
  from space 10240K, 76% used [0x00000000e4000000,0x00000000e47b2cb0,0x00000000e4a00000)
  to   space 10752K, 0% used [0x00000000e7280000,0x00000000e7280000,0x00000000e7d00000)
 ParOldGen       total 58880K, used 8413K [0x00000000a0000000, 0x00000000a3980000, 0x00000000e0000000)
  object space 58880K, 14% used [0x00000000a0000000,0x00000000a0837748,0x00000000a3980000)
 Metaspace       used 32158K, capacity 32794K, committed 33152K, reserved 1077248K
  class space    used 4437K, capacity 4624K, committed 4736K, reserved 1048576K
Event: 4.865 GC heap after
Heap after GC invocations=9 (full 1):
 PSYoungGen      total 115200K, used 8439K [0x00000000e0000000, 0x00000000e7c00000, 0x0000000100000000)
  eden space 105472K, 0% used [0x00000000e0000000,0x00000000e0000000,0x00000000e6700000)
  from space 9728K, 86% used [0x00000000e7280000,0x00000000e7abdee8,0x00000000e7c00000)
  to   space 10752K, 0% used [0x00000000e6700000,0x00000000e6700000,0x00000000e7180000)
 ParOldGen       total 58880K, used 8421K [0x00000000a0000000, 0x00000000a3980000, 0x00000000e0000000)
  object space 58880K, 14% used [0x00000000a0000000,0x00000000a0839748,0x00000000a3980000)
 Metaspace       used 32158K, capacity 32794K, committed 33152K, reserved 1077248K
  class space    used 4437K, capacity 4624K, committed 4736K, reserved 1048576K
}
Event: 5.539 GC heap before
{Heap before GC invocations=10 (full 1):
 PSYoungGen      total 115200K, used 60164K [0x00000000e0000000, 0x00000000e7c00000, 0x0000000100000000)
  eden space 105472K, 49% used [0x00000000e0000000,0x00000000e3283408,0x00000000e6700000)
  from space 9728K, 86% used [0x00000000e7280000,0x00000000e7abdee8,0x00000000e7c00000)
  to   space 10752K, 0% used [0x00000000e6700000,0x00000000e6700000,0x00000000e7180000)
 ParOldGen       total 58880K, used 8421K [0x00000000a0000000, 0x00000000a3980000, 0x00000000e0000000)
  object space 58880K, 14% used [0x00000000a0000000,0x00000000a0839748,0x00000000a3980000)
 Metaspace       used 34686K, capacity 35412K, committed 35496K, reserved 1079296K
  class space    used 4781K, capacity 4995K, committed 5032K, reserved 1048576K
Event: 5.562 GC heap after
Heap after GC invocations=10 (full 1):
 PSYoungGen      total 116224K, used 10025K [0x00000000e0000000, 0x00000000ea600000, 0x0000000100000000)
  eden space 105472K, 0% used [0x00000000e0000000,0x00000000e0000000,0x00000000e6700000)
  from space 10752K, 93% used [0x00000000e6700000,0x00000000e70ca7b8,0x00000000e7180000)
  to   space 11776K, 0% used [0x00000000e9a80000,0x00000000e9a80000,0x00000000ea600000)
 ParOldGen       total 58880K, used 8429K [0x00000000a0000000, 0x00000000a3980000, 0x00000000e0000000)
  object space 58880K, 14% used [0x00000000a0000000,0x00000000a083b748,0x00000000a3980000)
 Metaspace       used 34686K, capacity 35412K, committed 35496K, reserved 1079296K
  class space    used 4781K, capacity 4995K, committed 5032K, reserved 1048576K
}
Event: 5.562 GC heap before
{Heap before GC invocations=11 (full 2):
 PSYoungGen      total 116224K, used 10025K [0x00000000e0000000, 0x00000000ea600000, 0x0000000100000000)
  eden space 105472K, 0% used [0x00000000e0000000,0x00000000e0000000,0x00000000e6700000)
  from space 10752K, 93% used [0x00000000e6700000,0x00000000e70ca7b8,0x00000000e7180000)
  to   space 11776K, 0% used [0x00000000e9a80000,0x00000000e9a80000,0x00000000ea600000)
 ParOldGen       total 58880K, used 8429K [0x00000000a0000000, 0x00000000a3980000, 0x00000000e0000000)
  object space 58880K, 14% used [0x00000000a0000000,0x00000000a083b748,0x00000000a3980000)
 Metaspace       used 34686K, capacity 35412K, committed 35496K, reserved 1079296K
  class space    used 4781K, capacity 4995K, committed 5032K, reserved 1048576K
Event: 5.637 GC heap after
Heap after GC invocations=11 (full 2):
 PSYoungGen      total 116224K, used 0K [0x00000000e0000000, 0x00000000ea600000, 0x0000000100000000)
  eden space 105472K, 0% used [0x00000000e0000000,0x00000000e0000000,0x00000000e6700000)
  from space 10752K, 0% used [0x00000000e6700000,0x00000000e6700000,0x00000000e7180000)
  to   space 11776K, 0% used [0x00000000e9a80000,0x00000000e9a80000,0x00000000ea600000)
 ParOldGen       total 89088K, used 16919K [0x00000000a0000000, 0x00000000a5700000, 0x00000000e0000000)
  object space 89088K, 18% used [0x00000000a0000000,0x00000000a1085c30,0x00000000a5700000)
 Metaspace       used 34684K, capacity 35406K, committed 35496K, reserved 1079296K
  class space    used 4781K, capacity 4994K, committed 5032K, reserved 1048576K
}
Event: 6.933 GC heap before
{Heap before GC invocations=12 (full 2):
 PSYoungGen      total 116224K, used 105472K [0x00000000e0000000, 0x00000000ea600000, 0x0000000100000000)
  eden space 105472K, 100% used [0x00000000e0000000,0x00000000e6700000,0x00000000e6700000)
  from space 10752K, 0% used [0x00000000e6700000,0x00000000e6700000,0x00000000e7180000)
  to   space 11776K, 0% used [0x00000000e9a80000,0x00000000e9a80000,0x00000000ea600000)
 ParOldGen       total 89088K, used 16919K [0x00000000a0000000, 0x00000000a5700000, 0x00000000e0000000)
  object space 89088K, 18% used [0x00000000a0000000,0x00000000a1085c30,0x00000000a5700000)
 Metaspace       used 45300K, capacity 46252K, committed 46376K, reserved 1089536K
  class space    used 6110K, capacity 6384K, committed 6440K, reserved 1048576K
Event: 6.945 GC heap after
Heap after GC invocations=12 (full 2):
 PSYoungGen      total 147968K, used 11763K [0x00000000e0000000, 0x00000000ea600000, 0x0000000100000000)
  eden space 136192K, 0% used [0x00000000e0000000,0x00000000e0000000,0x00000000e8500000)
  from space 11776K, 99% used [0x00000000e9a80000,0x00000000ea5fcec0,0x00000000ea600000)
  to   space 13824K, 0% used [0x00000000e8b00000,0x00000000e8b00000,0x00000000e9880000)
 ParOldGen       total 89088K, used 19626K [0x00000000a0000000, 0x00000000a5700000, 0x00000000e0000000)
  object space 89088K, 22% used [0x00000000a0000000,0x00000000a132aba8,0x00000000a5700000)
 Metaspace       used 45300K, capacity 46252K, committed 46376K, reserved 1089536K
  class space    used 6110K, capacity 6384K, committed 6440K, reserved 1048576K
}

