# JRE version: OpenJDK Runtime Environment (8.0_202-b03) (build 1.8.0_202-release-1483-b03)
# Java VM: OpenJDK 64-Bit Server VM (25.202-b03 mixed mode windows-amd64 compressed oops)
Heap:
 PSYoungGen      total 307712K, used 152466K [0x00000000e0000000, 0x00000000f4900000, 0x0000000100000000)
  eden space 285184K, 53% used [0x00000000e0000000,0x00000000e94e4b30,0x00000000f1680000)
  from space 22528K, 0% used [0x00000000f2e00000,0x00000000f2e00000,0x00000000f4400000)
  to   space 24064K, 0% used [0x00000000f1680000,0x00000000f1680000,0x00000000f2e00000)
 ParOldGen       total 144896K, used 31312K [0x00000000a0000000, 0x00000000a8d80000, 0x00000000e0000000)
  object space 144896K, 21% used [0x00000000a0000000,0x00000000a1e94308,0x00000000a8d80000)
 Metaspace       used 63364K, capacity 65268K, committed 65624K, reserved 1105920K
  class space    used 8284K, capacity 8721K, committed 8832K, reserved 1048576K
GC Heap History (10 events):
Event: 17.208 GC heap before
{Heap before GC invocations=7 (full 1):
 PSYoungGen      total 136192K, used 60267K [0x00000000e0000000, 0x00000000ee700000, 0x0000000100000000)
  eden space 131072K, 42% used [0x00000000e0000000,0x00000000e35daf70,0x00000000e8000000)
  from space 5120K, 100% used [0x00000000e8000000,0x00000000e8500000,0x00000000e8500000)
  to   space 15872K, 0% used [0x00000000ed780000,0x00000000ed780000,0x00000000ee700000)
 ParOldGen       total 64512K, used 18241K [0x00000000a0000000, 0x00000000a3f00000, 0x00000000e0000000)
  object space 64512K, 28% used [0x00000000a0000000,0x00000000a11d0428,0x00000000a3f00000)
 Metaspace       used 34559K, capacity 35188K, committed 35416K, reserved 1079296K
  class space    used 4748K, capacity 4937K, committed 4992K, reserved 1048576K
Event: 17.264 GC heap after
Heap after GC invocations=7 (full 1):
 PSYoungGen      total 221184K, used 10214K [0x00000000e0000000, 0x00000000eeb00000, 0x0000000100000000)
  eden space 205312K, 0% used [0x00000000e0000000,0x00000000e0000000,0x00000000ec880000)
  from space 15872K, 64% used [0x00000000ed780000,0x00000000ee1798f0,0x00000000ee700000)
  to   space 15360K, 0% used [0x00000000ec880000,0x00000000ec880000,0x00000000ed780000)
 ParOldGen       total 64512K, used 18249K [0x00000000a0000000, 0x00000000a3f00000, 0x00000000e0000000)
  object space 64512K, 28% used [0x00000000a0000000,0x00000000a11d2428,0x00000000a3f00000)
 Metaspace       used 34559K, capacity 35188K, committed 35416K, reserved 1079296K
  class space    used 4748K, capacity 4937K, committed 4992K, reserved 1048576K
}
Event: 17.264 GC heap before
{Heap before GC invocations=8 (full 2):
 PSYoungGen      total 221184K, used 10214K [0x00000000e0000000, 0x00000000eeb00000, 0x0000000100000000)
  eden space 205312K, 0% used [0x00000000e0000000,0x00000000e0000000,0x00000000ec880000)
  from space 15872K, 64% used [0x00000000ed780000,0x00000000ee1798f0,0x00000000ee700000)
  to   space 15360K, 0% used [0x00000000ec880000,0x00000000ec880000,0x00000000ed780000)
 ParOldGen       total 64512K, used 18249K [0x00000000a0000000, 0x00000000a3f00000, 0x00000000e0000000)
  object space 64512K, 28% used [0x00000000a0000000,0x00000000a11d2428,0x00000000a3f00000)
 Metaspace       used 34559K, capacity 35188K, committed 35416K, reserved 1079296K
  class space    used 4748K, capacity 4937K, committed 4992K, reserved 1048576K
Event: 17.496 GC heap after
Heap after GC invocations=8 (full 2):
 PSYoungGen      total 221184K, used 0K [0x00000000e0000000, 0x00000000eeb00000, 0x0000000100000000)
  eden space 205312K, 0% used [0x00000000e0000000,0x00000000e0000000,0x00000000ec880000)
  from space 15872K, 0% used [0x00000000ed780000,0x00000000ed780000,0x00000000ee700000)
  to   space 15360K, 0% used [0x00000000ec880000,0x00000000ec880000,0x00000000ed780000)
 ParOldGen       total 99328K, used 16922K [0x00000000a0000000, 0x00000000a6100000, 0x00000000e0000000)
  object space 99328K, 17% used [0x00000000a0000000,0x00000000a10868d0,0x00000000a6100000)
 Metaspace       used 34559K, capacity 35188K, committed 35416K, reserved 1079296K
  class space    used 4748K, capacity 4937K, committed 4992K, reserved 1048576K
}
Event: 26.193 GC heap before
{Heap before GC invocations=9 (full 2):
 PSYoungGen      total 221184K, used 205312K [0x00000000e0000000, 0x00000000eeb00000, 0x0000000100000000)
  eden space 205312K, 100% used [0x00000000e0000000,0x00000000ec880000,0x00000000ec880000)
  from space 15872K, 0% used [0x00000000ed780000,0x00000000ed780000,0x00000000ee700000)
  to   space 15360K, 0% used [0x00000000ec880000,0x00000000ec880000,0x00000000ed780000)
 ParOldGen       total 99328K, used 16922K [0x00000000a0000000, 0x00000000a6100000, 0x00000000e0000000)
  object space 99328K, 17% used [0x00000000a0000000,0x00000000a1086930,0x00000000a6100000)
 Metaspace       used 52679K, capacity 54150K, committed 54360K, reserved 1095680K
  class space    used 7130K, capacity 7506K, committed 7552K, reserved 1048576K
Event: 26.246 GC heap after
Heap after GC invocations=9 (full 2):
 PSYoungGen      total 220672K, used 15348K [0x00000000e0000000, 0x00000000f4400000, 0x0000000100000000)
  eden space 205312K, 0% used [0x00000000e0000000,0x00000000e0000000,0x00000000ec880000)
  from space 15360K, 99% used [0x00000000ec880000,0x00000000ed77d2f0,0x00000000ed780000)
  to   space 22528K, 0% used [0x00000000f2e00000,0x00000000f2e00000,0x00000000f4400000)
 ParOldGen       total 99328K, used 26498K [0x00000000a0000000, 0x00000000a6100000, 0x00000000e0000000)
  object space 99328K, 26% used [0x00000000a0000000,0x00000000a19e0948,0x00000000a6100000)
 Metaspace       used 52679K, capacity 54150K, committed 54360K, reserved 1095680K
  class space    used 7130K, capacity 7506K, committed 7552K, reserved 1048576K
}
Event: 28.885 GC heap before
{Heap before GC invocations=10 (full 2):
 PSYoungGen      total 220672K, used 84829K [0x00000000e0000000, 0x00000000f4400000, 0x0000000100000000)
  eden space 205312K, 33% used [0x00000000e0000000,0x00000000e43da150,0x00000000ec880000)
  from space 15360K, 99% used [0x00000000ec880000,0x00000000ed77d2f0,0x00000000ed780000)
  to   space 22528K, 0% used [0x00000000f2e00000,0x00000000f2e00000,0x00000000f4400000)
 ParOldGen       total 99328K, used 26498K [0x00000000a0000000, 0x00000000a6100000, 0x00000000e0000000)
  object space 99328K, 26% used [0x00000000a0000000,0x00000000a19e0948,0x00000000a6100000)
 Metaspace       used 57207K, capacity 58956K, committed 59028K, reserved 1099776K
  class space    used 7765K, capacity 8161K, committed 8192K, reserved 1048576K
Event: 28.932 GC heap after
Heap after GC invocations=10 (full 2):
 PSYoungGen      total 307712K, used 17277K [0x00000000e0000000, 0x00000000f4900000, 0x0000000100000000)
  eden space 285184K, 0% used [0x00000000e0000000,0x00000000e0000000,0x00000000f1680000)
  from space 22528K, 76% used [0x00000000f2e00000,0x00000000f3edf730,0x00000000f4400000)
  to   space 24064K, 0% used [0x00000000f1680000,0x00000000f1680000,0x00000000f2e00000)
 ParOldGen       total 99328K, used 26570K [0x00000000a0000000, 0x00000000a6100000, 0x00000000e0000000)
  object space 99328K, 26% used [0x00000000a0000000,0x00000000a19f2958,0x00000000a6100000)
 Metaspace       used 57207K, capacity 58956K, committed 59028K, reserved 1099776K
  class space    used 7765K, capacity 8161K, committed 8192K, reserved 1048576K
}
Event: 28.932 GC heap before
{Heap before GC invocations=11 (full 3):
 PSYoungGen      total 307712K, used 17277K [0x00000000e0000000, 0x00000000f4900000, 0x0000000100000000)
  eden space 285184K, 0% used [0x00000000e0000000,0x00000000e0000000,0x00000000f1680000)
  from space 22528K, 76% used [0x00000000f2e00000,0x00000000f3edf730,0x00000000f4400000)
  to   space 24064K, 0% used [0x00000000f1680000,0x00000000f1680000,0x00000000f2e00000)
 ParOldGen       total 99328K, used 26570K [0x00000000a0000000, 0x00000000a6100000, 0x00000000e0000000)
  object space 99328K, 26% used [0x00000000a0000000,0x00000000a19f2958,0x00000000a6100000)
 Metaspace       used 57207K, capacity 58956K, committed 59028K, reserved 1099776K
  class space    used 7765K, capacity 8161K, committed 8192K, reserved 1048576K
Event: 29.465 GC heap after
Heap after GC invocations=11 (full 3):
 PSYoungGen      total 307712K, used 0K [0x00000000e0000000, 0x00000000f4900000, 0x0000000100000000)
  eden space 285184K, 0% used [0x00000000e0000000,0x00000000e0000000,0x00000000f1680000)
  from space 22528K, 0% used [0x00000000f2e00000,0x00000000f2e00000,0x00000000f4400000)
  to   space 24064K, 0% used [0x00000000f1680000,0x00000000f1680000,0x00000000f2e00000)
 ParOldGen       total 144896K, used 31312K [0x00000000a0000000, 0x00000000a8d80000, 0x00000000e0000000)
  object space 144896K, 21% used [0x00000000a0000000,0x00000000a1e94308,0x00000000a8d80000)
 Metaspace       used 57140K, capacity 58756K, committed 59028K, reserved 1099776K
  class space    used 7745K, capacity 8125K, committed 8192K, reserved 1048576K
}

