# JRE version: OpenJDK Runtime Environment (8.0_202-b03) (build 1.8.0_202-release-1483-b03)
# Java VM: OpenJDK 64-Bit Server VM (25.202-b03 mixed mode windows-amd64 compressed oops)
Heap:
 PSYoungGen      total 186880K, used 87641K [0x00000000e0000000, 0x00000000eeb00000, 0x0000000100000000)
  eden space 172544K, 50% used [0x00000000e0000000,0x00000000e5596730,0x00000000ea880000)
  from space 14336K, 0% used [0x00000000ea880000,0x00000000ea880000,0x00000000eb680000)
  to   space 19456K, 0% used [0x00000000ed800000,0x00000000ed800000,0x00000000eeb00000)
 ParOldGen       total 75776K, used 37223K [0x00000000a0000000, 0x00000000a4a00000, 0x00000000e0000000)
  object space 75776K, 49% used [0x00000000a0000000,0x00000000a2459df0,0x00000000a4a00000)
 Metaspace       used 62403K, capacity 64212K, committed 64472K, reserved 1105920K
  class space    used 8235K, capacity 8671K, committed 8704K, reserved 1048576K
GC Heap History (10 events):
Event: 11.415 GC heap before
{Heap before GC invocations=10 (full 1):
 PSYoungGen      total 129536K, used 58170K [0x00000000e0000000, 0x00000000e8980000, 0x0000000100000000)
  eden space 119296K, 41% used [0x00000000e0000000,0x00000000e3062668,0x00000000e7480000)
  from space 10240K, 84% used [0x00000000e7f80000,0x00000000e87ec1f0,0x00000000e8980000)
  to   space 10752K, 0% used [0x00000000e7480000,0x00000000e7480000,0x00000000e7f00000)
 ParOldGen       total 49664K, used 7829K [0x00000000a0000000, 0x00000000a3080000, 0x00000000e0000000)
  object space 49664K, 15% used [0x00000000a0000000,0x00000000a07a56e0,0x00000000a3080000)
 Metaspace       used 34490K, capacity 35192K, committed 35416K, reserved 1079296K
  class space    used 4742K, capacity 4937K, committed 4992K, reserved 1048576K
Event: 11.429 GC heap after
Heap after GC invocations=10 (full 1):
 PSYoungGen      total 130048K, used 10096K [0x00000000e0000000, 0x00000000ec480000, 0x0000000100000000)
  eden space 119296K, 0% used [0x00000000e0000000,0x00000000e0000000,0x00000000e7480000)
  from space 10752K, 93% used [0x00000000e7480000,0x00000000e7e5c210,0x00000000e7f00000)
  to   space 11776K, 0% used [0x00000000eb900000,0x00000000eb900000,0x00000000ec480000)
 ParOldGen       total 49664K, used 7837K [0x00000000a0000000, 0x00000000a3080000, 0x00000000e0000000)
  object space 49664K, 15% used [0x00000000a0000000,0x00000000a07a76e0,0x00000000a3080000)
 Metaspace       used 34490K, capacity 35192K, committed 35416K, reserved 1079296K
  class space    used 4742K, capacity 4937K, committed 4992K, reserved 1048576K
}
Event: 11.429 GC heap before
{Heap before GC invocations=11 (full 2):
 PSYoungGen      total 130048K, used 10096K [0x00000000e0000000, 0x00000000ec480000, 0x0000000100000000)
  eden space 119296K, 0% used [0x00000000e0000000,0x00000000e0000000,0x00000000e7480000)
  from space 10752K, 93% used [0x00000000e7480000,0x00000000e7e5c210,0x00000000e7f00000)
  to   space 11776K, 0% used [0x00000000eb900000,0x00000000eb900000,0x00000000ec480000)
 ParOldGen       total 49664K, used 7837K [0x00000000a0000000, 0x00000000a3080000, 0x00000000e0000000)
  object space 49664K, 15% used [0x00000000a0000000,0x00000000a07a76e0,0x00000000a3080000)
 Metaspace       used 34490K, capacity 35192K, committed 35416K, reserved 1079296K
  class space    used 4742K, capacity 4937K, committed 4992K, reserved 1048576K
Event: 11.507 GC heap after
Heap after GC invocations=11 (full 2):
 PSYoungGen      total 130048K, used 0K [0x00000000e0000000, 0x00000000ec480000, 0x0000000100000000)
  eden space 119296K, 0% used [0x00000000e0000000,0x00000000e0000000,0x00000000e7480000)
  from space 10752K, 0% used [0x00000000e7480000,0x00000000e7480000,0x00000000e7f00000)
  to   space 11776K, 0% used [0x00000000eb900000,0x00000000eb900000,0x00000000ec480000)
 ParOldGen       total 75776K, used 16737K [0x00000000a0000000, 0x00000000a4a00000, 0x00000000e0000000)
  object space 75776K, 22% used [0x00000000a0000000,0x00000000a10586c8,0x00000000a4a00000)
 Metaspace       used 34490K, capacity 35192K, committed 35416K, reserved 1079296K
  class space    used 4742K, capacity 4937K, committed 4992K, reserved 1048576K
}
Event: 13.185 GC heap before
{Heap before GC invocations=12 (full 2):
 PSYoungGen      total 130048K, used 119296K [0x00000000e0000000, 0x00000000ec480000, 0x0000000100000000)
  eden space 119296K, 100% used [0x00000000e0000000,0x00000000e7480000,0x00000000e7480000)
  from space 10752K, 0% used [0x00000000e7480000,0x00000000e7480000,0x00000000e7f00000)
  to   space 11776K, 0% used [0x00000000eb900000,0x00000000eb900000,0x00000000ec480000)
 ParOldGen       total 75776K, used 16737K [0x00000000a0000000, 0x00000000a4a00000, 0x00000000e0000000)
  object space 75776K, 22% used [0x00000000a0000000,0x00000000a10586c8,0x00000000a4a00000)
 Metaspace       used 45350K, capacity 46292K, committed 46552K, reserved 1089536K
  class space    used 6107K, capacity 6367K, committed 6400K, reserved 1048576K
Event: 13.199 GC heap after
Heap after GC invocations=12 (full 2):
 PSYoungGen      total 167424K, used 11751K [0x00000000e0000000, 0x00000000ec480000, 0x0000000100000000)
  eden space 155648K, 0% used [0x00000000e0000000,0x00000000e0000000,0x00000000e9800000)
  from space 11776K, 99% used [0x00000000eb900000,0x00000000ec479eb0,0x00000000ec480000)
  to   space 14336K, 0% used [0x00000000ea880000,0x00000000ea880000,0x00000000eb680000)
 ParOldGen       total 75776K, used 20469K [0x00000000a0000000, 0x00000000a4a00000, 0x00000000e0000000)
  object space 75776K, 27% used [0x00000000a0000000,0x00000000a13fd6f0,0x00000000a4a00000)
 Metaspace       used 45350K, capacity 46292K, committed 46552K, reserved 1089536K
  class space    used 6107K, capacity 6367K, committed 6400K, reserved 1048576K
}
Event: 15.345 GC heap before
{Heap before GC invocations=13 (full 2):
 PSYoungGen      total 167424K, used 164032K [0x00000000e0000000, 0x00000000ec480000, 0x0000000100000000)
  eden space 155648K, 97% used [0x00000000e0000000,0x00000000e94b6408,0x00000000e9800000)
  from space 11776K, 99% used [0x00000000eb900000,0x00000000ec479eb0,0x00000000ec480000)
  to   space 14336K, 0% used [0x00000000ea880000,0x00000000ea880000,0x00000000eb680000)
 ParOldGen       total 75776K, used 20469K [0x00000000a0000000, 0x00000000a4a00000, 0x00000000e0000000)
  object space 75776K, 27% used [0x00000000a0000000,0x00000000a13fd6f0,0x00000000a4a00000)
 Metaspace       used 57317K, capacity 58996K, committed 59028K, reserved 1099776K
  class space    used 7792K, capacity 8183K, committed 8192K, reserved 1048576K
Event: 15.374 GC heap after
Heap after GC invocations=13 (full 2):
 PSYoungGen      total 186880K, used 14311K [0x00000000e0000000, 0x00000000eeb00000, 0x0000000100000000)
  eden space 172544K, 0% used [0x00000000e0000000,0x00000000e0000000,0x00000000ea880000)
  from space 14336K, 99% used [0x00000000ea880000,0x00000000eb679cf8,0x00000000eb680000)
  to   space 19456K, 0% used [0x00000000ed800000,0x00000000ed800000,0x00000000eeb00000)
 ParOldGen       total 75776K, used 29830K [0x00000000a0000000, 0x00000000a4a00000, 0x00000000e0000000)
  object space 75776K, 39% used [0x00000000a0000000,0x00000000a1d21890,0x00000000a4a00000)
 Metaspace       used 57317K, capacity 58996K, committed 59028K, reserved 1099776K
  class space    used 7792K, capacity 8183K, committed 8192K, reserved 1048576K
}
Event: 15.374 GC heap before
{Heap before GC invocations=14 (full 3):
 PSYoungGen      total 186880K, used 14311K [0x00000000e0000000, 0x00000000eeb00000, 0x0000000100000000)
  eden space 172544K, 0% used [0x00000000e0000000,0x00000000e0000000,0x00000000ea880000)
  from space 14336K, 99% used [0x00000000ea880000,0x00000000eb679cf8,0x00000000eb680000)
  to   space 19456K, 0% used [0x00000000ed800000,0x00000000ed800000,0x00000000eeb00000)
 ParOldGen       total 75776K, used 29830K [0x00000000a0000000, 0x00000000a4a00000, 0x00000000e0000000)
  object space 75776K, 39% used [0x00000000a0000000,0x00000000a1d21890,0x00000000a4a00000)
 Metaspace       used 57317K, capacity 58996K, committed 59028K, reserved 1099776K
  class space    used 7792K, capacity 8183K, committed 8192K, reserved 1048576K
Event: 15.600 GC heap after
Heap after GC invocations=14 (full 3):
 PSYoungGen      total 186880K, used 0K [0x00000000e0000000, 0x00000000eeb00000, 0x0000000100000000)
  eden space 172544K, 0% used [0x00000000e0000000,0x00000000e0000000,0x00000000ea880000)
  from space 14336K, 0% used [0x00000000ea880000,0x00000000ea880000,0x00000000eb680000)
  to   space 19456K, 0% used [0x00000000ed800000,0x00000000ed800000,0x00000000eeb00000)
 ParOldGen       total 75776K, used 37223K [0x00000000a0000000, 0x00000000a4a00000, 0x00000000e0000000)
  object space 75776K, 49% used [0x00000000a0000000,0x00000000a2459df0,0x00000000a4a00000)
 Metaspace       used 57228K, capacity 58730K, committed 59028K, reserved 1099776K
  class space    used 7764K, capacity 8134K, committed 8192K, reserved 1048576K
}

