# JRE version: OpenJDK Runtime Environment (8.0_202-b03) (build 1.8.0_202-release-1483-b03)
# Java VM: OpenJDK 64-Bit Server VM (25.202-b03 mixed mode windows-amd64 compressed oops)
Heap:
 PSYoungGen      total 142336K, used 31175K [0x00000000e0000000, 0x00000000ea300000, 0x0000000100000000)
  eden space 130560K, 14% used [0x00000000e0000000,0x00000000e12f9450,0x00000000e7f80000)
  from space 11776K, 99% used [0x00000000e9780000,0x00000000ea2f89e8,0x00000000ea300000)
  to   space 13824K, 0% used [0x00000000e8800000,0x00000000e8800000,0x00000000e9580000)
 ParOldGen       total 92672K, used 19560K [0x00000000a0000000, 0x00000000a5a80000, 0x00000000e0000000)
  object space 92672K, 21% used [0x00000000a0000000,0x00000000a131a020,0x00000000a5a80000)
 Metaspace       used 46941K, capacity 48130K, committed 48424K, reserved 1091584K
  class space    used 6321K, capacity 6636K, committed 6696K, reserved 1048576K
GC Heap History (10 events):
Event: 3.946 GC heap before
{Heap before GC invocations=8 (full 1):
 PSYoungGen      total 75264K, used 65536K [0x00000000e0000000, 0x00000000e5400000, 0x0000000100000000)
  eden space 65536K, 100% used [0x00000000e0000000,0x00000000e4000000,0x00000000e4000000)
  from space 9728K, 0% used [0x00000000e4a80000,0x00000000e4a80000,0x00000000e5400000)
  to   space 10240K, 0% used [0x00000000e4000000,0x00000000e4000000,0x00000000e4a00000)
 ParOldGen       total 58880K, used 8413K [0x00000000a0000000, 0x00000000a3980000, 0x00000000e0000000)
  object space 58880K, 14% used [0x00000000a0000000,0x00000000a0837698,0x00000000a3980000)
 Metaspace       used 28893K, capacity 29486K, committed 29824K, reserved 1075200K
  class space    used 3912K, capacity 4100K, committed 4224K, reserved 1048576K
Event: 3.960 GC heap after
Heap after GC invocations=8 (full 1):
 PSYoungGen      total 75776K, used 7915K [0x00000000e0000000, 0x00000000e7b80000, 0x0000000100000000)
  eden space 65536K, 0% used [0x00000000e0000000,0x00000000e0000000,0x00000000e4000000)
  from space 10240K, 77% used [0x00000000e4000000,0x00000000e47bacf8,0x00000000e4a00000)
  to   space 10752K, 0% used [0x00000000e7100000,0x00000000e7100000,0x00000000e7b80000)
 ParOldGen       total 58880K, used 8421K [0x00000000a0000000, 0x00000000a3980000, 0x00000000e0000000)
  object space 58880K, 14% used [0x00000000a0000000,0x00000000a0839698,0x00000000a3980000)
 Metaspace       used 28893K, capacity 29486K, committed 29824K, reserved 1075200K
  class space    used 3912K, capacity 4100K, committed 4224K, reserved 1048576K
}
Event: 4.591 GC heap before
{Heap before GC invocations=9 (full 1):
 PSYoungGen      total 75776K, used 73451K [0x00000000e0000000, 0x00000000e7b80000, 0x0000000100000000)
  eden space 65536K, 100% used [0x00000000e0000000,0x00000000e4000000,0x00000000e4000000)
  from space 10240K, 77% used [0x00000000e4000000,0x00000000e47bacf8,0x00000000e4a00000)
  to   space 10752K, 0% used [0x00000000e7100000,0x00000000e7100000,0x00000000e7b80000)
 ParOldGen       total 58880K, used 8421K [0x00000000a0000000, 0x00000000a3980000, 0x00000000e0000000)
  object space 58880K, 14% used [0x00000000a0000000,0x00000000a0839698,0x00000000a3980000)
 Metaspace       used 32159K, capacity 32786K, committed 33152K, reserved 1077248K
  class space    used 4442K, capacity 4624K, committed 4736K, reserved 1048576K
Event: 4.605 GC heap after
Heap after GC invocations=9 (full 1):
 PSYoungGen      total 115712K, used 8479K [0x00000000e0000000, 0x00000000e7c00000, 0x0000000100000000)
  eden space 104960K, 0% used [0x00000000e0000000,0x00000000e0000000,0x00000000e6680000)
  from space 10752K, 78% used [0x00000000e7100000,0x00000000e7947c58,0x00000000e7b80000)
  to   space 10752K, 0% used [0x00000000e6680000,0x00000000e6680000,0x00000000e7100000)
 ParOldGen       total 58880K, used 8429K [0x00000000a0000000, 0x00000000a3980000, 0x00000000e0000000)
  object space 58880K, 14% used [0x00000000a0000000,0x00000000a083b698,0x00000000a3980000)
 Metaspace       used 32159K, capacity 32786K, committed 33152K, reserved 1077248K
  class space    used 4442K, capacity 4624K, committed 4736K, reserved 1048576K
}
Event: 5.404 GC heap before
{Heap before GC invocations=10 (full 1):
 PSYoungGen      total 115712K, used 61932K [0x00000000e0000000, 0x00000000e7c00000, 0x0000000100000000)
  eden space 104960K, 50% used [0x00000000e0000000,0x00000000e34335a0,0x00000000e6680000)
  from space 10752K, 78% used [0x00000000e7100000,0x00000000e7947c58,0x00000000e7b80000)
  to   space 10752K, 0% used [0x00000000e6680000,0x00000000e6680000,0x00000000e7100000)
 ParOldGen       total 58880K, used 8429K [0x00000000a0000000, 0x00000000a3980000, 0x00000000e0000000)
  object space 58880K, 14% used [0x00000000a0000000,0x00000000a083b698,0x00000000a3980000)
 Metaspace       used 34664K, capacity 35420K, committed 35496K, reserved 1079296K
  class space    used 4789K, capacity 4997K, committed 5032K, reserved 1048576K
Event: 5.422 GC heap after
Heap after GC invocations=10 (full 1):
 PSYoungGen      total 115712K, used 10057K [0x00000000e0000000, 0x00000000ea300000, 0x0000000100000000)
  eden space 104960K, 0% used [0x00000000e0000000,0x00000000e0000000,0x00000000e6680000)
  from space 10752K, 93% used [0x00000000e6680000,0x00000000e70524b8,0x00000000e7100000)
  to   space 11776K, 0% used [0x00000000e9780000,0x00000000e9780000,0x00000000ea300000)
 ParOldGen       total 58880K, used 8437K [0x00000000a0000000, 0x00000000a3980000, 0x00000000e0000000)
  object space 58880K, 14% used [0x00000000a0000000,0x00000000a083d698,0x00000000a3980000)
 Metaspace       used 34664K, capacity 35420K, committed 35496K, reserved 1079296K
  class space    used 4789K, capacity 4997K, committed 5032K, reserved 1048576K
}
Event: 5.422 GC heap before
{Heap before GC invocations=11 (full 2):
 PSYoungGen      total 115712K, used 10057K [0x00000000e0000000, 0x00000000ea300000, 0x0000000100000000)
  eden space 104960K, 0% used [0x00000000e0000000,0x00000000e0000000,0x00000000e6680000)
  from space 10752K, 93% used [0x00000000e6680000,0x00000000e70524b8,0x00000000e7100000)
  to   space 11776K, 0% used [0x00000000e9780000,0x00000000e9780000,0x00000000ea300000)
 ParOldGen       total 58880K, used 8437K [0x00000000a0000000, 0x00000000a3980000, 0x00000000e0000000)
  object space 58880K, 14% used [0x00000000a0000000,0x00000000a083d698,0x00000000a3980000)
 Metaspace       used 34664K, capacity 35420K, committed 35496K, reserved 1079296K
  class space    used 4789K, capacity 4997K, committed 5032K, reserved 1048576K
Event: 5.517 GC heap after
Heap after GC invocations=11 (full 2):
 PSYoungGen      total 115712K, used 0K [0x00000000e0000000, 0x00000000ea300000, 0x0000000100000000)
  eden space 104960K, 0% used [0x00000000e0000000,0x00000000e0000000,0x00000000e6680000)
  from space 10752K, 0% used [0x00000000e6680000,0x00000000e6680000,0x00000000e7100000)
  to   space 11776K, 0% used [0x00000000e9780000,0x00000000e9780000,0x00000000ea300000)
 ParOldGen       total 92672K, used 16935K [0x00000000a0000000, 0x00000000a5a80000, 0x00000000e0000000)
  object space 92672K, 18% used [0x00000000a0000000,0x00000000a1089c60,0x00000000a5a80000)
 Metaspace       used 34659K, capacity 35402K, committed 35496K, reserved 1079296K
  class space    used 4788K, capacity 4994K, committed 5032K, reserved 1048576K
}
Event: 7.130 GC heap before
{Heap before GC invocations=12 (full 2):
 PSYoungGen      total 115712K, used 104960K [0x00000000e0000000, 0x00000000ea300000, 0x0000000100000000)
  eden space 104960K, 100% used [0x00000000e0000000,0x00000000e6680000,0x00000000e6680000)
  from space 10752K, 0% used [0x00000000e6680000,0x00000000e6680000,0x00000000e7100000)
  to   space 11776K, 0% used [0x00000000e9780000,0x00000000e9780000,0x00000000ea300000)
 ParOldGen       total 92672K, used 16935K [0x00000000a0000000, 0x00000000a5a80000, 0x00000000e0000000)
  object space 92672K, 18% used [0x00000000a0000000,0x00000000a1089c60,0x00000000a5a80000)
 Metaspace       used 45322K, capacity 46240K, committed 46376K, reserved 1089536K
  class space    used 6112K, capacity 6384K, committed 6440K, reserved 1048576K
Event: 7.145 GC heap after
Heap after GC invocations=12 (full 2):
 PSYoungGen      total 142336K, used 11746K [0x00000000e0000000, 0x00000000ea300000, 0x0000000100000000)
  eden space 130560K, 0% used [0x00000000e0000000,0x00000000e0000000,0x00000000e7f80000)
  from space 11776K, 99% used [0x00000000e9780000,0x00000000ea2f89e8,0x00000000ea300000)
  to   space 13824K, 0% used [0x00000000e8800000,0x00000000e8800000,0x00000000e9580000)
 ParOldGen       total 92672K, used 19560K [0x00000000a0000000, 0x00000000a5a80000, 0x00000000e0000000)
  object space 92672K, 21% used [0x00000000a0000000,0x00000000a131a020,0x00000000a5a80000)
 Metaspace       used 45322K, capacity 46240K, committed 46376K, reserved 1089536K
  class space    used 6112K, capacity 6384K, committed 6440K, reserved 1048576K
}

